<?xml version="1.0" encoding="UTF-8"?>
<!-- Generated by org.testng.reporters.JUnitReportReporter -->
<testsuite hostname="PENNANT-VSP173" failures="0" tests="5" name="test.java.spring.orm.controller.test.DoctorControllerTest" time="0.601" errors="0" timestamp="2023-06-30T14:37:05 IST" skipped="0">
  <testcase classname="test.java.spring.orm.controller.test.DoctorControllerTest" name="testHandleInvalidWeekdayException" time="0.027"/>
  <testcase classname="test.java.spring.orm.controller.test.DoctorControllerTest" name="testUpdateDoctor" time="0.002"/>
  <testcase classname="test.java.spring.orm.controller.test.DoctorControllerTest" name="testGetDoctorpage" time="0.075"/>
  <testcase classname="test.java.spring.orm.controller.test.DoctorControllerTest" name="testSaveDoctor" time="0.027"/>
  <testcase classname="test.java.spring.orm.controller.test.DoctorControllerTest" name="testGetDoctor" time="0.470"/>
</testsuite> <!-- test.java.spring.orm.controller.test.DoctorControllerTest -->
